{"/home/ivan/Documents/hacktiv8/phase3/pakogah-project/server/lambda-testing/test.js":{"path":"/home/ivan/Documents/hacktiv8/phase3/pakogah-project/server/lambda-testing/test.js","s":{"1":1,"2":1,"3":1,"4":0,"5":0},"b":{},"f":{},"fnMap":{},"statementMap":{"1":{"start":{"line":1,"column":0},"end":{"line":1,"column":29}},"2":{"start":{"line":2,"column":0},"end":{"line":2,"column":27}},"3":{"start":{"line":4,"column":0},"end":{"line":10,"column":3}},"4":{"start":{"line":6,"column":2},"end":{"line":8,"column":4}},"5":{"start":{"line":7,"column":4},"end":{"line":7,"column":35}}},"branchMap":{}}}